{
  "stats": {
    "suites": 1,
    "tests": 2,
    "passes": 2,
    "pending": 0,
    "failures": 0,
    "start": "2022-10-27T21:27:36.090Z",
    "end": "2022-10-27T21:27:47.475Z",
    "duration": 11385,
    "testsRegistered": 2,
    "passPercent": 100,
    "pendingPercent": 0,
    "other": 0,
    "hasOther": false,
    "skipped": 0,
    "hasSkipped": false
  },
  "results": [
    {
      "uuid": "3218cdd6-4a55-4782-b27f-f1bf8320022f",
      "title": "",
      "fullFile": "cypress/integration/servicios.spec.js",
      "file": "cypress/integration/servicios.spec.js",
      "beforeHooks": [],
      "afterHooks": [],
      "tests": [],
      "suites": [
        {
          "uuid": "2e2d14e9-f11f-4a85-b96b-5bc0bfbc856b",
          "title": "Test de Servicios",
          "fullFile": "",
          "file": "",
          "beforeHooks": [],
          "afterHooks": [],
          "tests": [
            {
              "title": "GET action in Eden entradas",
              "fullTitle": "Test de Servicios GET action in Eden entradas",
              "timedOut": null,
              "duration": 275,
              "state": "passed",
              "speed": "fast",
              "pass": true,
              "fail": false,
              "pending": false,
              "context": null,
              "code": "//Llamar a servicios\ncy.request({\n  method: \"GET\",\n  url: \"https://edenapi.edenentradas.com.ar/edenventarestapi2/api/contenido/inicio\"\n}).then(response => {\n  expect(response.status).to.eq(200);\n  cy.log(JSON.stringify(response));\n  cy.writeFile(\"cypress/fixtures/shows.json\", response.body);\n});",
              "err": {},
              "uuid": "3a0010ee-1e49-4074-bebb-619671a06afa",
              "parentUUID": "2e2d14e9-f11f-4a85-b96b-5bc0bfbc856b",
              "isHook": false,
              "skipped": false
            },
            {
              "title": "Check UI",
              "fullTitle": "Test de Servicios Check UI",
              "timedOut": null,
              "duration": 9108,
              "state": "passed",
              "speed": "medium",
              "pass": true,
              "fail": false,
              "pending": false,
              "context": null,
              "code": "cy.visit(\"https://www.edenentradas.com.ar/sitio/contenido/inicio\");\nconst eden = new _eden.default();\ncy.fixture(\"shows.json\").then(fixture => {\n  fixture.Eventos.forEach((showDentroDeFix, $index) => {\n    if ($index < 10) {\n      eden.getShowCard().eq($index).scrollIntoView();\n      eden.getShowName().eq($index).should(\"have.text\", showDentroDeFix.Nombre);\n      eden.getShowImage().eq($index).should(\"have.attr\", \"src\", showDentroDeFix.Imagen);\n      eden.getShowImage().eq($index).trigger(\"mouseover\");\n      eden.getShowDate().should(\"be.visible\").and(\"contain.text\", showDentroDeFix.Fecha).and(\"contain.text\", showDentroDeFix.Lugar);\n    }\n  });\n});",
              "err": {},
              "uuid": "0e6a8938-c2a0-4468-a1e2-50bce17dfe63",
              "parentUUID": "2e2d14e9-f11f-4a85-b96b-5bc0bfbc856b",
              "isHook": false,
              "skipped": false
            }
          ],
          "suites": [],
          "passes": [
            "3a0010ee-1e49-4074-bebb-619671a06afa",
            "0e6a8938-c2a0-4468-a1e2-50bce17dfe63"
          ],
          "failures": [],
          "pending": [],
          "skipped": [],
          "duration": 9383,
          "root": false,
          "rootEmpty": false,
          "_timeout": 2000
        }
      ],
      "passes": [],
      "failures": [],
      "pending": [],
      "skipped": [],
      "duration": 0,
      "root": true,
      "rootEmpty": true,
      "_timeout": 2000
    }
  ],
  "meta": {
    "mocha": {
      "version": "7.0.1"
    },
    "mochawesome": {
      "options": {
        "quiet": false,
        "reportFilename": "mochawesome",
        "saveHtml": true,
        "saveJson": true,
        "consoleReporter": "spec",
        "useInlineDiffs": false,
        "code": true
      },
      "version": "7.1.3"
    },
    "marge": {
      "options": null,
      "version": "6.2.0"
    }
  }
}